<?xml version="1.0" encoding="UTF-8"?>
<!-- Generated by org.testng.reporters.JUnitReportReporter -->
<testsuite hostname="DESKTOP-1UIQG5E" failures="0" tests="3" name="Basics.IntroductionToTestng" time="0.004" errors="0" timestamp="27 Dec 2022 16:39:40 GMT" skipped="0">
  <testcase classname="Basics.IntroductionToTestng" name="openUrl" time="0.001"/>
  <testcase classname="Basics.IntroductionToTestng" name="login" time="0.001"/>
  <testcase classname="Basics.IntroductionToTestng" name="logout" time="0.002"/>
</testsuite> <!-- Basics.IntroductionToTestng -->
