<?xml version="1.0" encoding="UTF-8"?>
<!-- Generated by org.testng.reporters.JUnitReportReporter -->
<testsuite hostname="DESKTOP-1UIQG5E" failures="0" tests="6" name="KeyowrdsPractice.InvocationCountPractice" time="0.011" errors="0" timestamp="27 Dec 2022 16:39:40 GMT" skipped="0">
  <testcase classname="KeyowrdsPractice.InvocationCountPractice" name="homepage" time="0.004"/>
  <testcase classname="KeyowrdsPractice.InvocationCountPractice" name="homepage" time="0.001"/>
  <testcase classname="KeyowrdsPractice.InvocationCountPractice" name="homepage" time="0.001"/>
  <testcase classname="KeyowrdsPractice.InvocationCountPractice" name="homepage" time="0.003"/>
  <testcase classname="KeyowrdsPractice.InvocationCountPractice" name="homepage" time="0.001"/>
  <testcase classname="KeyowrdsPractice.InvocationCountPractice" name="notificationpage" time="0.001"/>
</testsuite> <!-- KeyowrdsPractice.InvocationCountPractice -->
