<?xml version="1.0" encoding="UTF-8"?>
<!-- Generated by org.testng.reporters.JUnitReportReporter -->
<testsuite hostname="DESKTOP-1UIQG5E" failures="0" tests="1" name="PomwithPagefactoryConceptsPractice.RegistrationTest" time="1.918" errors="0" timestamp="11 Jan 2023 16:11:14 GMT" skipped="0">
  <testcase classname="PomwithPagefactoryConceptsPractice.RegistrationTest" name="FacebookRegistrationPageTest" time="1.918"/>
</testsuite> <!-- PomwithPagefactoryConceptsPractice.RegistrationTest -->
