<?xml version="1.0" encoding="UTF-8"?>
<!-- Generated by org.testng.reporters.JUnitReportReporter -->
<testsuite hostname="DESKTOP-1UIQG5E" failures="0" tests="12" name="ParameterizationCrossBrowserPractice.AllBrowser" time="8.235" errors="0" timestamp="19 Jan 2023 11:01:41 GMT" skipped="0">
  <testcase classname="ParameterizationCrossBrowserPractice.AllBrowser" name="CrossBrowserTesting" time="2.762"/>
  <testcase classname="ParameterizationCrossBrowserPractice.AllBrowser" name="CrossBrowserTesting" time="4.341"/>
  <testcase classname="ParameterizationCrossBrowserPractice.AllBrowser" name="VerifyCurrentUrl" time="0.017"/>
  <testcase classname="ParameterizationCrossBrowserPractice.AllBrowser" name="VerifyCurrentUrl" time="0.006"/>
  <testcase classname="ParameterizationCrossBrowserPractice.AllBrowser" name="VerifyPageTitle" time="0.008"/>
  <testcase classname="ParameterizationCrossBrowserPractice.AllBrowser" name="VerifyPageTitle" time="0.004"/>
  <testcase classname="ParameterizationCrossBrowserPractice.AllBrowser" name="VerifyUsernameField" time="0.071"/>
  <testcase classname="ParameterizationCrossBrowserPractice.AllBrowser" name="VerifyUsernameField" time="0.099"/>
  <testcase classname="ParameterizationCrossBrowserPractice.AllBrowser" name="VerifyPasswordField" time="0.048"/>
  <testcase classname="ParameterizationCrossBrowserPractice.AllBrowser" name="VerifyPasswordField" time="0.091"/>
  <testcase classname="ParameterizationCrossBrowserPractice.AllBrowser" name="ClickLoginBtn" time="0.064"/>
  <testcase classname="ParameterizationCrossBrowserPractice.AllBrowser" name="ClickLoginBtn" time="0.724"/>
</testsuite> <!-- ParameterizationCrossBrowserPractice.AllBrowser -->
