<?xml version="1.0" encoding="UTF-8"?>
<!-- Generated by org.testng.reporters.JUnitReportReporter -->
<testsuite hostname="DESKTOP-1UIQG5E" failures="0" tests="1" name="Insta.InstagramTest" time="0.784" errors="0" timestamp="30 Jan 2023 14:31:10 GMT" skipped="0">
  <testcase classname="Insta.InstagramTest" name="InstagramSignupPageTest" time="0.784"/>
</testsuite> <!-- Insta.InstagramTest -->
