<?xml version="1.0" encoding="UTF-8"?>
<!-- Generated by org.testng.reporters.JUnitReportReporter -->
<testsuite hostname="DESKTOP-1UIQG5E" failures="0" tests="1" name="GroupingPractice.TestClass3" time="0.001" errors="0" timestamp="30 Dec 2022 16:52:03 GMT" skipped="0">
  <testcase classname="GroupingPractice.TestClass3" name="Test7" time="0.001"/>
</testsuite> <!-- GroupingPractice.TestClass3 -->
